<?xml version="1.0" encoding="UTF-8"?>
<testsuite hostname="LAP122" name="Script_subscription.subscriptioncheck" tests="5" failures="0" timestamp="15 Mar 2017 06:33:10 GMT" time="1.536" errors="0">
  <testcase name="@BeforeMethod launchapp" time="0.0" classname="Script_subscription.subscriptioncheck">
    <failure type="org.testng.TestNGException" message="
Parameter &amp;apos;browser&amp;apos; is required by @Configuration on method launchapp
but has not been marked @Optional or defined in C:\Users\20112\AppData\Local\Temp\testng-eclipse-940157733\testng-customsuite.xml">
      <![CDATA[org.testng.TestNGException: 
Parameter 'browser' is required by @Configuration on method launchapp
but has not been marked @Optional or defined in C:\Users\20112\AppData\Local\Temp\testng-eclipse-940157733\testng-customsuite.xml
	at org.testng.internal.Parameters.createParameters(Parameters.java:144)
	at org.testng.internal.Parameters.createParameters(Parameters.java:342)
	at org.testng.internal.Parameters.createConfigurationParameters(Parameters.java:78)
	at org.testng.internal.Invoker.invokeConfigurations(Invoker.java:190)
	at org.testng.internal.Invoker.invokeMethod(Invoker.java:613)
	at org.testng.internal.Invoker.invokeTestMethod(Invoker.java:842)
	at org.testng.internal.Invoker.invokeTestMethods(Invoker.java:1166)
	at org.testng.internal.TestMethodWorker.invokeTestMethods(TestMethodWorker.java:125)
	at org.testng.internal.TestMethodWorker.run(TestMethodWorker.java:109)
	at org.testng.TestRunner.runWorkers(TestRunner.java:1178)
	at org.testng.TestRunner.privateRun(TestRunner.java:757)
	at org.testng.TestRunner.run(TestRunner.java:608)
	at org.testng.SuiteRunner.runTest(SuiteRunner.java:334)
	at org.testng.SuiteRunner.runSequentially(SuiteRunner.java:329)
	at org.testng.SuiteRunner.privateRun(SuiteRunner.java:291)
	at org.testng.SuiteRunner.run(SuiteRunner.java:240)
	at org.testng.SuiteRunnerWorker.runSuite(SuiteRunnerWorker.java:52)
	at org.testng.SuiteRunnerWorker.run(SuiteRunnerWorker.java:86)
	at org.testng.TestNG.runSuitesSequentially(TestNG.java:1158)
	at org.testng.TestNG.runSuitesLocally(TestNG.java:1083)
	at org.testng.TestNG.run(TestNG.java:999)
	at org.testng.remote.AbstractRemoteTestNG.run(AbstractRemoteTestNG.java:132)
	at org.testng.remote.RemoteTestNG.initAndRun(RemoteTestNG.java:236)
	at org.testng.remote.RemoteTestNG.main(RemoteTestNG.java:81)
]]>
    </failure>
  </testcase>
  <testcase name="@AfterMethod closeapp" time="0.0" classname="Script_subscription.subscriptioncheck">
    <skipped/>
  </testcase>
  <testcase name="@BeforeMethod launchapp" time="0.0" classname="Script_subscription.subscriptioncheck">
    <skipped/>
  </testcase>
  <testcase name="@AfterMethod closeapp" time="0.0" classname="Script_subscription.subscriptioncheck">
    <skipped/>
  </testcase>
  <testcase name="@BeforeMethod launchapp" time="0.0" classname="Script_subscription.subscriptioncheck">
    <skipped/>
  </testcase>
  <testcase name="@AfterMethod closeapp" time="0.0" classname="Script_subscription.subscriptioncheck">
    <skipped/>
  </testcase>
  <testcase name="@BeforeMethod launchapp" time="0.0" classname="Script_subscription.subscriptioncheck">
    <skipped/>
  </testcase>
  <testcase name="@AfterMethod closeapp" time="0.0" classname="Script_subscription.subscriptioncheck">
    <skipped/>
  </testcase>
  <testcase name="@BeforeMethod launchapp" time="0.0" classname="Script_subscription.subscriptioncheck">
    <skipped/>
  </testcase>
  <testcase name="@AfterMethod closeapp" time="0.0" classname="Script_subscription.subscriptioncheck">
    <skipped/>
  </testcase>
  <testcase name="logincheck" time="0.0" classname="Script_subscription.subscriptioncheck">
    <skipped/>
  </testcase>
  <testcase name="logincheck" time="0.0" classname="Script_subscription.subscriptioncheck">
    <skipped/>
  </testcase>
  <testcase name="logincheck" time="0.001" classname="Script_subscription.subscriptioncheck">
    <skipped/>
  </testcase>
  <testcase name="logincheck" time="0.001" classname="Script_subscription.subscriptioncheck">
    <skipped/>
  </testcase>
  <testcase name="loginvalidcheck" time="0.001" classname="Script_subscription.subscriptioncheck">
    <skipped/>
  </testcase>
</testsuite>
